<?xml version="1.0" encoding="UTF-8"?>
<testng-results ignored="0" total="2" passed="2" failed="0" skipped="0">
  <reporter-output>
  </reporter-output>
  <suite started-at="2025-10-14T19:07:29 IST" name="Suite" finished-at="2025-10-14T19:08:03 IST" duration-ms="34474">
    <groups>
    </groups>
    <test started-at="2025-10-14T19:07:29 IST" name="Test" finished-at="2025-10-14T19:08:03 IST" duration-ms="34474">
      <class name="com.orangehrm.runnerscripts.runnerTest">
        <test-method is-config="true" signature="initBrowser(java.lang.String)[pri:0, instance:com.orangehrm.runnerscripts.runnerTest@37afeb11]" started-at="2025-10-14T19:07:29 IST" name="initBrowser" finished-at="2025-10-14T19:07:44 IST" duration-ms="14726" status="PASS">
          <params>
            <param index="0">
              <value>
                <![CDATA[chrome]]>
              </value>
            </param>
          </params>
          <reporter-output>
          </reporter-output>
        </test-method> <!-- initBrowser -->
        <test-method is-config="true" signature="launchApplication()[pri:0, instance:com.orangehrm.runnerscripts.runnerTest@37afeb11]" started-at="2025-10-14T19:07:45 IST" name="launchApplication" finished-at="2025-10-14T19:07:49 IST" duration-ms="3434" status="PASS">
          <reporter-output>
          </reporter-output>
        </test-method> <!-- launchApplication -->
        <test-method signature="testcase(java.lang.String,java.lang.String,java.lang.String)[pri:0, instance:com.orangehrm.runnerscripts.runnerTest@37afeb11]" started-at="2025-10-14T19:07:49 IST" name="testcase" data-provider="UserData" finished-at="2025-10-14T19:07:54 IST" duration-ms="4772" status="PASS">
          <params>
            <param index="0">
              <value>
                <![CDATA[Nitya]]>
              </value>
            </param>
            <param index="1">
              <value>
                <![CDATA[S]]>
              </value>
            </param>
            <param index="2">
              <value>
                <![CDATA[Prabhu]]>
              </value>
            </param>
          </params>
          <reporter-output>
          </reporter-output>
        </test-method> <!-- testcase -->
        <test-method is-config="true" signature="logout()[pri:0, instance:com.orangehrm.runnerscripts.runnerTest@37afeb11]" started-at="2025-10-14T19:07:54 IST" name="logout" finished-at="2025-10-14T19:07:55 IST" duration-ms="1680" status="PASS">
          <reporter-output>
          </reporter-output>
        </test-method> <!-- logout -->
        <test-method is-config="true" signature="launchApplication()[pri:0, instance:com.orangehrm.runnerscripts.runnerTest@37afeb11]" started-at="2025-10-14T19:07:55 IST" name="launchApplication" finished-at="2025-10-14T19:07:56 IST" duration-ms="1106" status="PASS">
          <reporter-output>
          </reporter-output>
        </test-method> <!-- launchApplication -->
        <test-method signature="testcase(java.lang.String,java.lang.String,java.lang.String)[pri:0, instance:com.orangehrm.runnerscripts.runnerTest@37afeb11]" started-at="2025-10-14T19:07:56 IST" name="testcase" data-provider="UserData" finished-at="2025-10-14T19:08:01 IST" duration-ms="4693" status="PASS">
          <params>
            <param index="0">
              <value>
                <![CDATA[Vasanth]]>
              </value>
            </param>
            <param index="1">
              <value>
                <![CDATA[Kumar]]>
              </value>
            </param>
            <param index="2">
              <value>
                <![CDATA[PS]]>
              </value>
            </param>
          </params>
          <reporter-output>
          </reporter-output>
        </test-method> <!-- testcase -->
        <test-method is-config="true" signature="logout()[pri:0, instance:com.orangehrm.runnerscripts.runnerTest@37afeb11]" started-at="2025-10-14T19:08:01 IST" name="logout" finished-at="2025-10-14T19:08:02 IST" duration-ms="914" status="PASS">
          <reporter-output>
          </reporter-output>
        </test-method> <!-- logout -->
        <test-method is-config="true" signature="closeBrowser()[pri:0, instance:com.orangehrm.runnerscripts.runnerTest@37afeb11]" started-at="2025-10-14T19:08:02 IST" name="closeBrowser" finished-at="2025-10-14T19:08:03 IST" duration-ms="1132" status="PASS">
          <reporter-output>
          </reporter-output>
        </test-method> <!-- closeBrowser -->
      </class> <!-- com.orangehrm.runnerscripts.runnerTest -->
    </test> <!-- Test -->
  </suite> <!-- Suite -->
</testng-results>
