<?xml version="1.0" encoding="UTF-8"?>
<testsuite xmlns:xsi="http://www.w3.org/2001/XMLSchema-instance" xsi:noNamespaceSchemaLocation="https://maven.apache.org/surefire/maven-surefire-plugin/xsd/surefire-test-report.xsd" version="3.0.2" name="TestSuite" time="35.808" tests="2" errors="0" skipped="0" failures="0">
  <properties>
[...]
</properties>
  <testcase name="testcase[Nitya, S, Prabhu](1)" classname="com.orangehrm.runnerscripts.runnerTest" time="4.771">
    <system-out><![CDATA[The suite namedTest execution is started
2025-10-14T13:37:44.335093300Z main ERROR Log4j API could not find a logging provider.
The test namedtestcase execution is started
Runner
The test namedtestcase execution is success
]]></system-out>
    <system-err><![CDATA[SLF4J(W): No SLF4J providers were found.
SLF4J(W): Defaulting to no-operation (NOP) logger implementation
SLF4J(W): See https://www.slf4j.org/codes.html#noProviders for further details.
Starting ChromeDriver 141.0.7390.76 (d6fcfbb51aac4df61d06692d4a62fd8b9aaf3c3a-refs/branch-heads/7390_65@{#3}) on port 34162
Only local connections are allowed.
Please see https://chromedriver.chromium.org/security-considerations for suggestions on keeping ChromeDriver safe.
ChromeDriver was started successfully on port 34162.
Oct 14, 2025 7:07:43 PM org.openqa.selenium.remote.ProtocolHandshake createSession
INFO: Detected dialect: W3C
]]></system-err>
  </testcase>
  <testcase name="testcase[Vasanth, Kumar, PS](2)" classname="com.orangehrm.runnerscripts.runnerTest" time="4.698">
    <system-out><![CDATA[The test namedtestcase execution is started
Runner
The test namedtestcase execution is success
]]></system-out>
  </testcase>
</testsuite>