<?xml version="1.0" encoding="UTF-8"?>
<testng-results ignored="0" total="2" passed="2" failed="0" skipped="0">
  <reporter-output>
  </reporter-output>
  <suite started-at="2025-10-16T21:32:28 IST" name="Suite" finished-at="2025-10-16T21:32:45 IST" duration-ms="17952">
    <groups>
    </groups>
    <test started-at="2025-10-16T21:32:28 IST" name="Test" finished-at="2025-10-16T21:32:45 IST" duration-ms="17952">
      <class name="com.orangehrm.runnerscripts.runnerTest">
        <test-method is-config="true" signature="initBrowser(java.lang.String)[pri:0, instance:com.orangehrm.runnerscripts.runnerTest@7f3b84b8]" started-at="2025-10-16T21:32:28 IST" name="initBrowser" finished-at="2025-10-16T21:32:29 IST" duration-ms="1395" status="PASS">
          <params>
            <param index="0">
              <value>
                <![CDATA[chrome]]>
              </value>
            </param>
          </params>
          <reporter-output>
          </reporter-output>
        </test-method> <!-- initBrowser -->
        <test-method is-config="true" signature="launchApplication()[pri:0, instance:com.orangehrm.runnerscripts.runnerTest@7f3b84b8]" started-at="2025-10-16T21:32:30 IST" name="launchApplication" finished-at="2025-10-16T21:32:33 IST" duration-ms="3341" status="PASS">
          <reporter-output>
          </reporter-output>
        </test-method> <!-- launchApplication -->
        <test-method signature="testcase(java.lang.String,java.lang.String,java.lang.String)[pri:0, instance:com.orangehrm.runnerscripts.runnerTest@7f3b84b8]" started-at="2025-10-16T21:32:33 IST" name="testcase" data-provider="UserData" finished-at="2025-10-16T21:32:38 IST" duration-ms="4435" status="PASS">
          <params>
            <param index="0">
              <value>
                <![CDATA[Nitya]]>
              </value>
            </param>
            <param index="1">
              <value>
                <![CDATA[S]]>
              </value>
            </param>
            <param index="2">
              <value>
                <![CDATA[Prabhu]]>
              </value>
            </param>
          </params>
          <reporter-output>
          </reporter-output>
        </test-method> <!-- testcase -->
        <test-method is-config="true" signature="logout()[pri:0, instance:com.orangehrm.runnerscripts.runnerTest@7f3b84b8]" started-at="2025-10-16T21:32:38 IST" name="logout" finished-at="2025-10-16T21:32:39 IST" duration-ms="845" status="PASS">
          <reporter-output>
          </reporter-output>
        </test-method> <!-- logout -->
        <test-method is-config="true" signature="launchApplication()[pri:0, instance:com.orangehrm.runnerscripts.runnerTest@7f3b84b8]" started-at="2025-10-16T21:32:39 IST" name="launchApplication" finished-at="2025-10-16T21:32:41 IST" duration-ms="1985" status="PASS">
          <reporter-output>
          </reporter-output>
        </test-method> <!-- launchApplication -->
        <test-method signature="testcase(java.lang.String,java.lang.String,java.lang.String)[pri:0, instance:com.orangehrm.runnerscripts.runnerTest@7f3b84b8]" started-at="2025-10-16T21:32:41 IST" name="testcase" data-provider="UserData" finished-at="2025-10-16T21:32:44 IST" duration-ms="3063" status="PASS">
          <params>
            <param index="0">
              <value>
                <![CDATA[Vasanth]]>
              </value>
            </param>
            <param index="1">
              <value>
                <![CDATA[Kumar]]>
              </value>
            </param>
            <param index="2">
              <value>
                <![CDATA[PS]]>
              </value>
            </param>
          </params>
          <reporter-output>
          </reporter-output>
        </test-method> <!-- testcase -->
        <test-method is-config="true" signature="logout()[pri:0, instance:com.orangehrm.runnerscripts.runnerTest@7f3b84b8]" started-at="2025-10-16T21:32:44 IST" name="logout" finished-at="2025-10-16T21:32:45 IST" duration-ms="1525" status="PASS">
          <reporter-output>
          </reporter-output>
        </test-method> <!-- logout -->
        <test-method is-config="true" signature="closeBrowser()[pri:0, instance:com.orangehrm.runnerscripts.runnerTest@7f3b84b8]" started-at="2025-10-16T21:32:45 IST" name="closeBrowser" finished-at="2025-10-16T21:32:45 IST" duration-ms="326" status="PASS">
          <reporter-output>
          </reporter-output>
        </test-method> <!-- closeBrowser -->
      </class> <!-- com.orangehrm.runnerscripts.runnerTest -->
    </test> <!-- Test -->
  </suite> <!-- Suite -->
</testng-results>
