<?xml version="1.0" encoding="UTF-8"?>
<testng-results ignored="0" total="2" passed="2" failed="0" skipped="0">
  <reporter-output>
  </reporter-output>
  <suite started-at="2025-08-31T10:44:05 IST" name="t" finished-at="2025-08-31T10:44:28 IST" duration-ms="22896">
    <groups>
    </groups>
    <test started-at="2025-08-31T10:44:05 IST" name="TestAddEmployees" finished-at="2025-08-31T10:44:28 IST" duration-ms="22896">
      <class name="com.orangehrm.runnerscripts.runnerTest">
        <test-method is-config="true" signature="initBrowser(java.lang.String)[pri:0, instance:com.orangehrm.runnerscripts.runnerTest@1a677343]" started-at="2025-08-31T10:44:06 IST" name="initBrowser" finished-at="2025-08-31T10:44:07 IST" duration-ms="1122" status="PASS">
          <params>
            <param index="0">
              <value>
                <![CDATA[chrome]]>
              </value>
            </param>
          </params>
          <reporter-output>
          </reporter-output>
        </test-method> <!-- initBrowser -->
        <test-method is-config="true" signature="launchApplication()[pri:0, instance:com.orangehrm.runnerscripts.runnerTest@1a677343]" started-at="2025-08-31T10:44:07 IST" name="launchApplication" finished-at="2025-08-31T10:44:13 IST" duration-ms="5930" status="PASS">
          <reporter-output>
          </reporter-output>
        </test-method> <!-- launchApplication -->
        <test-method signature="testcase(java.lang.String,java.lang.String,java.lang.String)[pri:0, instance:com.orangehrm.runnerscripts.runnerTest@1a677343]" started-at="2025-08-31T10:44:13 IST" name="testcase" data-provider="UserData" finished-at="2025-08-31T10:44:19 IST" duration-ms="6263" status="PASS">
          <params>
            <param index="0">
              <value>
                <![CDATA[Nitya]]>
              </value>
            </param>
            <param index="1">
              <value>
                <![CDATA[S]]>
              </value>
            </param>
            <param index="2">
              <value>
                <![CDATA[Prabhu]]>
              </value>
            </param>
          </params>
          <reporter-output>
          </reporter-output>
        </test-method> <!-- testcase -->
        <test-method is-config="true" signature="logout()[pri:0, instance:com.orangehrm.runnerscripts.runnerTest@1a677343]" started-at="2025-08-31T10:44:19 IST" name="logout" finished-at="2025-08-31T10:44:21 IST" duration-ms="1651" status="PASS">
          <reporter-output>
          </reporter-output>
        </test-method> <!-- logout -->
        <test-method is-config="true" signature="launchApplication()[pri:0, instance:com.orangehrm.runnerscripts.runnerTest@1a677343]" started-at="2025-08-31T10:44:21 IST" name="launchApplication" finished-at="2025-08-31T10:44:22 IST" duration-ms="1135" status="PASS">
          <reporter-output>
          </reporter-output>
        </test-method> <!-- launchApplication -->
        <test-method signature="testcase(java.lang.String,java.lang.String,java.lang.String)[pri:0, instance:com.orangehrm.runnerscripts.runnerTest@1a677343]" started-at="2025-08-31T10:44:22 IST" name="testcase" data-provider="UserData" finished-at="2025-08-31T10:44:27 IST" duration-ms="4813" status="PASS">
          <params>
            <param index="0">
              <value>
                <![CDATA[Vasanth]]>
              </value>
            </param>
            <param index="1">
              <value>
                <![CDATA[Kumar]]>
              </value>
            </param>
            <param index="2">
              <value>
                <![CDATA[PS]]>
              </value>
            </param>
          </params>
          <reporter-output>
          </reporter-output>
        </test-method> <!-- testcase -->
        <test-method is-config="true" signature="logout()[pri:0, instance:com.orangehrm.runnerscripts.runnerTest@1a677343]" started-at="2025-08-31T10:44:27 IST" name="logout" finished-at="2025-08-31T10:44:28 IST" duration-ms="1066" status="PASS">
          <reporter-output>
          </reporter-output>
        </test-method> <!-- logout -->
        <test-method is-config="true" signature="closeBrowser()[pri:0, instance:com.orangehrm.runnerscripts.runnerTest@1a677343]" started-at="2025-08-31T10:44:28 IST" name="closeBrowser" finished-at="2025-08-31T10:44:28 IST" duration-ms="280" status="PASS">
          <reporter-output>
          </reporter-output>
        </test-method> <!-- closeBrowser -->
      </class> <!-- com.orangehrm.runnerscripts.runnerTest -->
    </test> <!-- TestAddEmployees -->
  </suite> <!-- t -->
</testng-results>
