<?xml version="1.0" encoding="UTF-8"?>
<testng-results ignored="0" total="2" passed="2" failed="0" skipped="0">
  <reporter-output>
  </reporter-output>
  <suite started-at="2025-10-04T11:54:56 IST" name="Suite" finished-at="2025-10-04T11:55:27 IST" duration-ms="31781">
    <groups>
    </groups>
    <test started-at="2025-10-04T11:54:56 IST" name="Test" finished-at="2025-10-04T11:55:27 IST" duration-ms="31781">
      <class name="com.orangehrm.runnerscripts.runnerTest">
        <test-method is-config="true" signature="initBrowser(java.lang.String)[pri:0, instance:com.orangehrm.runnerscripts.runnerTest@74e52ef6]" started-at="2025-10-04T11:54:56 IST" name="initBrowser" finished-at="2025-10-04T11:54:58 IST" duration-ms="1666" status="PASS">
          <params>
            <param index="0">
              <value>
                <![CDATA[chrome]]>
              </value>
            </param>
          </params>
          <reporter-output>
          </reporter-output>
        </test-method> <!-- initBrowser -->
        <test-method is-config="true" signature="launchApplication()[pri:0, instance:com.orangehrm.runnerscripts.runnerTest@74e52ef6]" started-at="2025-10-04T11:54:59 IST" name="launchApplication" finished-at="2025-10-04T11:55:05 IST" duration-ms="6848" status="PASS">
          <reporter-output>
          </reporter-output>
        </test-method> <!-- launchApplication -->
        <test-method signature="testcase(java.lang.String,java.lang.String,java.lang.String)[pri:0, instance:com.orangehrm.runnerscripts.runnerTest@74e52ef6]" started-at="2025-10-04T11:55:05 IST" name="testcase" data-provider="UserData" finished-at="2025-10-04T11:55:13 IST" duration-ms="7464" status="PASS">
          <params>
            <param index="0">
              <value>
                <![CDATA[Nitya]]>
              </value>
            </param>
            <param index="1">
              <value>
                <![CDATA[S]]>
              </value>
            </param>
            <param index="2">
              <value>
                <![CDATA[Prabhu]]>
              </value>
            </param>
          </params>
          <reporter-output>
          </reporter-output>
        </test-method> <!-- testcase -->
        <test-method is-config="true" signature="logout()[pri:0, instance:com.orangehrm.runnerscripts.runnerTest@74e52ef6]" started-at="2025-10-04T11:55:13 IST" name="logout" finished-at="2025-10-04T11:55:16 IST" duration-ms="3016" status="PASS">
          <reporter-output>
          </reporter-output>
        </test-method> <!-- logout -->
        <test-method is-config="true" signature="launchApplication()[pri:0, instance:com.orangehrm.runnerscripts.runnerTest@74e52ef6]" started-at="2025-10-04T11:55:16 IST" name="launchApplication" finished-at="2025-10-04T11:55:18 IST" duration-ms="1552" status="PASS">
          <reporter-output>
          </reporter-output>
        </test-method> <!-- launchApplication -->
        <test-method signature="testcase(java.lang.String,java.lang.String,java.lang.String)[pri:0, instance:com.orangehrm.runnerscripts.runnerTest@74e52ef6]" started-at="2025-10-04T11:55:18 IST" name="testcase" data-provider="UserData" finished-at="2025-10-04T11:55:25 IST" duration-ms="6981" status="PASS">
          <params>
            <param index="0">
              <value>
                <![CDATA[Vasanth]]>
              </value>
            </param>
            <param index="1">
              <value>
                <![CDATA[Kumar]]>
              </value>
            </param>
            <param index="2">
              <value>
                <![CDATA[PS]]>
              </value>
            </param>
          </params>
          <reporter-output>
          </reporter-output>
        </test-method> <!-- testcase -->
        <test-method is-config="true" signature="logout()[pri:0, instance:com.orangehrm.runnerscripts.runnerTest@74e52ef6]" started-at="2025-10-04T11:55:25 IST" name="logout" finished-at="2025-10-04T11:55:27 IST" duration-ms="2360" status="PASS">
          <reporter-output>
          </reporter-output>
        </test-method> <!-- logout -->
        <test-method is-config="true" signature="closeBrowser()[pri:0, instance:com.orangehrm.runnerscripts.runnerTest@74e52ef6]" started-at="2025-10-04T11:55:27 IST" name="closeBrowser" finished-at="2025-10-04T11:55:27 IST" duration-ms="501" status="PASS">
          <reporter-output>
          </reporter-output>
        </test-method> <!-- closeBrowser -->
      </class> <!-- com.orangehrm.runnerscripts.runnerTest -->
    </test> <!-- Test -->
  </suite> <!-- Suite -->
</testng-results>
