<?xml version="1.0" encoding="UTF-8"?>
<!-- Generated by org.testng.reporters.JUnitXMLReporter -->
<testsuite ignored="0" hostname="LAPTOP-QH8NFJ6B" failures="0" tests="2" name="TestAddEmployees" time="12.469" errors="0" timestamp="2025-10-04T11:40:54 IST">
  <testcase classname="com.orangehrm.genericscripts.BasePage" name="@BeforeClass initBrowser" time="11.347">
    <failure type="io.github.bonigarcia.wdm.config.WebDriverManagerException" message="io.github.bonigarcia.wdm.config.WebDriverManagerException: java.lang.IllegalArgumentException: URI is not absolute">
      <![CDATA[io.github.bonigarcia.wdm.config.WebDriverManagerException: io.github.bonigarcia.wdm.config.WebDriverManagerException: java.lang.IllegalArgumentException: URI is not absolute
at io.github.bonigarcia.wdm.WebDriverManager.handleException(WebDriverManager.java:1447)
at io.github.bonigarcia.wdm.WebDriverManager.manage(WebDriverManager.java:1210)
at io.github.bonigarcia.wdm.WebDriverManager.fallback(WebDriverManager.java:1463)
at io.github.bonigarcia.wdm.WebDriverManager.handleException(WebDriverManager.java:1441)
at io.github.bonigarcia.wdm.WebDriverManager.manage(WebDriverManager.java:1210)
at io.github.bonigarcia.wdm.WebDriverManager.setup(WebDriverManager.java:429)
at com.orangehrm.genericscripts.BasePage.initBrowser(BasePage.java:39)
at java.base/java.util.ArrayList.forEach(ArrayList.java:1596)
Caused by: io.github.bonigarcia.wdm.config.WebDriverManagerException: java.lang.IllegalArgumentException: URI is not absolute
at io.github.bonigarcia.wdm.managers.EdgeDriverManager.getDriversFromXml(EdgeDriverManager.java:308)
at io.github.bonigarcia.wdm.managers.EdgeDriverManager.getDriverUrls(EdgeDriverManager.java:138)
at io.github.bonigarcia.wdm.WebDriverManager.createUrlHandler(WebDriverManager.java:1468)
at io.github.bonigarcia.wdm.WebDriverManager.download(WebDriverManager.java:1298)
at io.github.bonigarcia.wdm.WebDriverManager.manage(WebDriverManager.java:1204)
... 29 more
Caused by: java.lang.IllegalArgumentException: URI is not absolute
at java.base/java.net.URL.of(URL.java:862)
at java.base/java.net.URI.toURL(URI.java:1172)
at io.github.bonigarcia.wdm.managers.EdgeDriverManager.getDriversFromXml(EdgeDriverManager.java:300)
... 33 more
... Removed 23 stack frames]]>
    </failure>
  </testcase> <!-- @BeforeClass initBrowser -->
  <testcase classname="com.orangehrm.genericscripts.BasePage" name="@BeforeMethod launchApplication" time="0.0">
    <skipped/>
  </testcase> <!-- @BeforeMethod launchApplication -->
  <testcase classname="com.orangehrm.genericscripts.BasePage" name="@AfterMethod logout" time="0.0">
    <skipped/>
  </testcase> <!-- @AfterMethod logout -->
  <testcase classname="com.orangehrm.genericscripts.BasePage" name="@BeforeMethod launchApplication" time="0.0">
    <skipped/>
  </testcase> <!-- @BeforeMethod launchApplication -->
  <testcase classname="com.orangehrm.genericscripts.BasePage" name="@AfterMethod logout" time="0.0">
    <skipped/>
  </testcase> <!-- @AfterMethod logout -->
  <testcase classname="com.orangehrm.genericscripts.BasePage" name="@AfterClass closeBrowser" time="0.0">
    <skipped/>
  </testcase> <!-- @AfterClass closeBrowser -->
  <testcase classname="com.orangehrm.runnerscripts.runnerTest" name="testcase" time="0.0">
    <skipped/>
  </testcase> <!-- testcase -->
  <testcase classname="com.orangehrm.runnerscripts.runnerTest" name="testcase" time="0.0">
    <skipped/>
  </testcase> <!-- testcase -->
</testsuite> <!-- TestAddEmployees -->
